[INFO] Scanning for projects...
[INFO] 
[INFO] -----------------------< com.sarichi:crocheting >-----------------------
[INFO] Building SarichiCrocheting 1.0.0
[INFO]   from pom.xml
[INFO] --------------------------------[ jar ]---------------------------------
[INFO] 
[INFO] >>> spring-boot:3.4.5:run (default-cli) > test-compile @ crocheting >>>
[INFO] 
[INFO] --- resources:3.3.1:resources (default-resources) @ crocheting ---
[INFO] Copying 1 resource from src\main\resources to target\classes
[INFO] Copying 65 resources from src\main\resources to target\classes
[INFO] 
[INFO] --- compiler:3.13.0:compile (default-compile) @ crocheting ---
[INFO] Nothing to compile - all classes are up to date.
[INFO] 
[INFO] --- resources:3.3.1:testResources (default-testResources) @ crocheting ---
[INFO] skip non existing resourceDirectory C:\TrabajosSprint\SarichiCrocheting\src\test\resources
[INFO] 
[INFO] --- compiler:3.13.0:testCompile (default-testCompile) @ crocheting ---
[INFO] Recompiling the module because of changed source code.
[INFO] Compiling 21 source files with javac [debug parameters release 21] to target\test-classes
[WARNING] /C:/TrabajosSprint/SarichiCrocheting/src/test/java/com/sarichi/crocheting/SarichiCrochetingApplicationTests.java:[27,6] org.springframework.boot.test.mock.mockito.MockBean in org.springframework.boot.test.mock.mockito has been deprecated and marked for removal
[WARNING] /C:/TrabajosSprint/SarichiCrocheting/src/test/java/com/sarichi/crocheting/SarichiCrochetingApplicationTests.java:[27,6] org.springframework.boot.test.mock.mockito.MockBean in org.springframework.boot.test.mock.mockito has been deprecated and marked for removal
[WARNING] /C:/TrabajosSprint/SarichiCrocheting/src/test/java/com/sarichi/crocheting/SarichiCrochetingApplicationTests.java:[27,6] org.springframework.boot.test.mock.mockito.MockBean in org.springframework.boot.test.mock.mockito has been deprecated and marked for removal
[WARNING] /C:/TrabajosSprint/SarichiCrocheting/src/test/java/com/sarichi/crocheting/SarichiCrochetingApplicationTests.java:[27,6] org.springframework.boot.test.mock.mockito.MockBean in org.springframework.boot.test.mock.mockito has been deprecated and marked for removal
[WARNING] /C:/TrabajosSprint/SarichiCrocheting/src/test/java/com/sarichi/crocheting/SarichiCrochetingApplicationTests.java:[27,6] org.springframework.boot.test.mock.mockito.MockBean in org.springframework.boot.test.mock.mockito has been deprecated and marked for removal
[INFO] 
[INFO] <<< spring-boot:3.4.5:run (default-cli) < test-compile @ crocheting <<<
[INFO] 
[INFO] 
[INFO] --- spring-boot:3.4.5:run (default-cli) @ crocheting ---
[INFO] Attaching agents: []
Standard Commons Logging discovery in action with spring-jcl: please remove commons-logging.jar from classpath in order to avoid potential conflicts
Standard Commons Logging discovery in action with spring-jcl: please remove commons-logging.jar from classpath in order to avoid potential conflicts

  .   ____          _            __ _ _
 /\\ / ___'_ __ _ _(_)_ __  __ _ \ \ \ \
( ( )\___ | '_ | '_| | '_ \/ _` | \ \ \ \
 \\/  ___)| |_)| | | | | || (_| |  ) ) ) )
  '  |____| .__|_| |_|_| |_\__, | / / / /
 =========|_|==============|___/=/_/_/_/

 :: Spring Boot ::                (v3.4.5)

2026-06-12T14:03:34.038-05:00  INFO 20396 --- [  restartedMain] c.s.c.SarichiCrochetingApplication       : Starting SarichiCrochetingApplication using Java 24.0.2 with PID 20396 (C:\TrabajosSprint\SarichiCrocheting\target\classes started by Sara Rivera in C:\TrabajosSprint\SarichiCrocheting)
2026-06-12T14:03:34.059-05:00 DEBUG 20396 --- [  restartedMain] c.s.c.SarichiCrochetingApplication       : Running with Spring Boot v3.4.5, Spring v6.2.6
2026-06-12T14:03:34.060-05:00  INFO 20396 --- [  restartedMain] c.s.c.SarichiCrochetingApplication       : No active profile set, falling back to 1 default profile: "default"
2026-06-12T14:03:34.178-05:00  INFO 20396 --- [  restartedMain] .e.DevToolsPropertyDefaultsPostProcessor : Devtools property defaults active! Set 'spring.devtools.add-properties' to 'false' to disable
2026-06-12T14:03:34.180-05:00  INFO 20396 --- [  restartedMain] .e.DevToolsPropertyDefaultsPostProcessor : For additional web related logging consider setting the 'logging.level.web' property to 'DEBUG'
2026-06-12T14:03:36.674-05:00  INFO 20396 --- [  restartedMain] .s.d.r.c.RepositoryConfigurationDelegate : Bootstrapping Spring Data MongoDB repositories in DEFAULT mode.
2026-06-12T14:03:36.888-05:00  INFO 20396 --- [  restartedMain] .s.d.r.c.RepositoryConfigurationDelegate : Finished Spring Data repository scanning in 187 ms. Found 19 MongoDB repository interfaces.
2026-06-12T14:03:38.127-05:00  INFO 20396 --- [  restartedMain] o.s.b.w.embedded.tomcat.TomcatWebServer  : Tomcat initialized with port 8080 (http)
2026-06-12T14:03:38.171-05:00  INFO 20396 --- [  restartedMain] o.apache.catalina.core.StandardService   : Starting service [Tomcat]
2026-06-12T14:03:38.172-05:00  INFO 20396 --- [  restartedMain] o.apache.catalina.core.StandardEngine    : Starting Servlet engine: [Apache Tomcat/10.1.40]
2026-06-12T14:03:38.281-05:00  INFO 20396 --- [  restartedMain] o.a.c.c.C.[Tomcat].[localhost].[/api]    : Initializing Spring embedded WebApplicationContext
2026-06-12T14:03:38.283-05:00  INFO 20396 --- [  restartedMain] w.s.c.ServletWebServerApplicationContext : Root WebApplicationContext: initialization completed in 4101 ms
Standard Commons Logging discovery in action with spring-jcl: please remove commons-logging.jar from classpath in order to avoid potential conflicts
2026-06-12T14:03:38.787-05:00  INFO 20396 --- [lxj.mongodb.net] org.mongodb.driver.cluster               : Adding discovered server ac-qbr71gf-shard-00-00.vmeolxj.mongodb.net:27017 to client view of cluster
2026-06-12T14:03:38.833-05:00  INFO 20396 --- [  restartedMain] org.mongodb.driver.client                : MongoClient with metadata {"driver": {"name": "mongo-java-driver|sync|spring-boot", "version": "5.2.1"}, "os": {"type": "Windows", "name": "Windows 11", "architecture": "amd64", "version": "10.0"}, "platform": "Java/Oracle Corporation/24.0.2+12-54"} created with settings MongoClientSettings{readPreference=primary, writeConcern=WriteConcern{w=null, wTimeout=null ms, journal=null}, retryWrites=true, retryReads=true, readConcern=ReadConcern{level=null}, credential=MongoCredential{mechanism=null, userName='Sara', source='admin', password=<hidden>, mechanismProperties=<hidden>}, transportSettings=null, commandListeners=[io.micrometer.core.instrument.binder.mongodb.MongoMetricsCommandListener@2d750e0a], codecRegistry=ProvidersCodecRegistry{codecProviders=[ValueCodecProvider{}, BsonValueCodecProvider{}, DBRefCodecProvider{}, DBObjectCodecProvider{}, DocumentCodecProvider{}, CollectionCodecProvider{}, IterableCodecProvider{}, MapCodecProvider{}, GeoJsonCodecProvider{}, GridFSFileCodecProvider{}, Jsr310CodecProvider{}, JsonObjectCodecProvider{}, BsonCodecProvider{}, EnumCodecProvider{}, com.mongodb.client.model.mql.ExpressionCodecProvider@2a0948a8, com.mongodb.Jep395RecordCodecProvider@5603305e, com.mongodb.KotlinCodecProvider@63c2571d]}, loggerSettings=LoggerSettings{maxDocumentLength=1000}, clusterSettings={hosts=[127.0.0.1:27017], srvHost=empresarialessara.vmeolxj.mongodb.net, srvServiceName=mongodb, mode=MULTIPLE, requiredClusterType=REPLICA_SET, requiredReplicaSetName='atlas-t4n4bv-shard-0', serverSelector='null', clusterListeners='[]', serverSelectionTimeout='30000 ms', localThreshold='15 ms'}, socketSettings=SocketSettings{connectTimeoutMS=10000, readTimeoutMS=0, receiveBufferSize=0, proxySettings=ProxySettings{host=null, port=null, username=null, password=null}}, heartbeatSocketSettings=SocketSettings{connectTimeoutMS=10000, readTimeoutMS=10000, receiveBufferSize=0, proxySettings=ProxySettings{host=null, port=null, username=null, password=null}}, connectionPoolSettings=ConnectionPoolSettings{maxSize=100, minSize=0, maxWaitTimeMS=120000, maxConnectionLifeTimeMS=0, maxConnectionIdleTimeMS=0, maintenanceInitialDelayMS=0, maintenanceFrequencyMS=60000, connectionPoolListeners=[io.micrometer.core.instrument.binder.mongodb.MongoMetricsConnectionPoolListener@66420031], maxConnecting=2}, serverSettings=ServerSettings{heartbeatFrequencyMS=10000, minHeartbeatFrequencyMS=500, serverMonitoringMode=AUTO, serverListeners='[]', serverMonitorListeners='[]'}, sslSettings=SslSettings{enabled=true, invalidHostNameAllowed=false, context=null}, applicationName='null', compressorList=[], uuidRepresentation=JAVA_LEGACY, serverApi=null, autoEncryptionSettings=null, dnsClient=null, inetAddressResolver=null, contextProvider=null, timeoutMS=null}
2026-06-12T14:03:38.857-05:00  INFO 20396 --- [lxj.mongodb.net] org.mongodb.driver.cluster               : Adding discovered server ac-qbr71gf-shard-00-02.vmeolxj.mongodb.net:27017 to client view of cluster
2026-06-12T14:03:38.862-05:00  INFO 20396 --- [lxj.mongodb.net] org.mongodb.driver.cluster               : Adding discovered server ac-qbr71gf-shard-00-01.vmeolxj.mongodb.net:27017 to client view of cluster
2026-06-12T14:03:39.603-05:00  INFO 20396 --- [  restartedMain] org.mongodb.driver.cluster               : Waiting for server to become available for operation with ID 5. Remaining time: 29988 ms. Selector: WritableServerSelector, topology description: {type=REPLICA_SET, servers=[{address=ac-qbr71gf-shard-00-00.vmeolxj.mongodb.net:27017, type=UNKNOWN, state=CONNECTING}, {address=ac-qbr71gf-shard-00-02.vmeolxj.mongodb.net:27017, type=UNKNOWN, state=CONNECTING}, {address=ac-qbr71gf-shard-00-01.vmeolxj.mongodb.net:27017, type=UNKNOWN, state=CONNECTING}].
2026-06-12T14:03:39.851-05:00  INFO 20396 --- [ngodb.net:27017] org.mongodb.driver.cluster               : Monitor thread successfully connected to server with description ServerDescription{address=ac-qbr71gf-shard-00-01.vmeolxj.mongodb.net:27017, type=REPLICA_SET_SECONDARY, cryptd=false, state=CONNECTED, ok=true, minWireVersion=0, maxWireVersion=25, maxDocumentSize=16777216, logicalSessionTimeoutMinutes=30, roundTripTimeNanos=604930000, minRoundTripTimeNanos=0, setName='atlas-t4n4bv-shard-0', canonicalAddress=ac-qbr71gf-shard-00-01.vmeolxj.mongodb.net:27017, hosts=[ac-qbr71gf-shard-00-00.vmeolxj.mongodb.net:27017, ac-qbr71gf-shard-00-02.vmeolxj.mongodb.net:27017, ac-qbr71gf-shard-00-01.vmeolxj.mongodb.net:27017], passives=[], arbiters=[], primary='ac-qbr71gf-shard-00-02.vmeolxj.mongodb.net:27017', tagSet=TagSet{[Tag{name='availabilityZone', value='2'}, Tag{name='cacheState', value='READY'}, Tag{name='diskState', value='READY'}, Tag{name='nodeType', value='ELECTABLE'}, Tag{name='provider', value='AZURE'}, Tag{name='region', value='US_EAST_2'}, Tag{name='workloadType', value='OPERATIONAL'}]}, electionId=null, setVersion=31, topologyVersion=TopologyVersion{processId=6a2a195dc6a7357b81a20a9a, counter=3}, lastWriteDate=Fri Jun 12 14:03:40 GMT-05:00 2026, lastUpdateTimeNanos=174581516365100}
2026-06-12T14:03:39.851-05:00  INFO 20396 --- [ngodb.net:27017] org.mongodb.driver.cluster               : Monitor thread successfully connected to server with description ServerDescription{address=ac-qbr71gf-shard-00-00.vmeolxj.mongodb.net:27017, type=REPLICA_SET_SECONDARY, cryptd=false, state=CONNECTED, ok=true, minWireVersion=0, maxWireVersion=25, maxDocumentSize=16777216, logicalSessionTimeoutMinutes=30, roundTripTimeNanos=604995700, minRoundTripTimeNanos=0, setName='atlas-t4n4bv-shard-0', canonicalAddress=ac-qbr71gf-shard-00-00.vmeolxj.mongodb.net:27017, hosts=[ac-qbr71gf-shard-00-00.vmeolxj.mongodb.net:27017, ac-qbr71gf-shard-00-02.vmeolxj.mongodb.net:27017, ac-qbr71gf-shard-00-01.vmeolxj.mongodb.net:27017], passives=[], arbiters=[], primary='ac-qbr71gf-shard-00-02.vmeolxj.mongodb.net:27017', tagSet=TagSet{[Tag{name='availabilityZone', value='1'}, Tag{name='cacheState', value='READY'}, Tag{name='diskState', value='READY'}, Tag{name='nodeType', value='ELECTABLE'}, Tag{name='provider', value='AZURE'}, Tag{name='region', value='US_EAST_2'}, Tag{name='workloadType', value='OPERATIONAL'}]}, electionId=null, setVersion=31, topologyVersion=TopologyVersion{processId=6a2a126e74fd73d440f41a75, counter=4}, lastWriteDate=Fri Jun 12 14:03:40 GMT-05:00 2026, lastUpdateTimeNanos=174581516330800}
2026-06-12T14:03:39.852-05:00  INFO 20396 --- [ngodb.net:27017] org.mongodb.driver.cluster               : Monitor thread successfully connected to server with description ServerDescription{address=ac-qbr71gf-shard-00-02.vmeolxj.mongodb.net:27017, type=REPLICA_SET_PRIMARY, cryptd=false, state=CONNECTED, ok=true, minWireVersion=0, maxWireVersion=25, maxDocumentSize=16777216, logicalSessionTimeoutMinutes=30, roundTripTimeNanos=604989000, minRoundTripTimeNanos=0, setName='atlas-t4n4bv-shard-0', canonicalAddress=ac-qbr71gf-shard-00-02.vmeolxj.mongodb.net:27017, hosts=[ac-qbr71gf-shard-00-00.vmeolxj.mongodb.net:27017, ac-qbr71gf-shard-00-02.vmeolxj.mongodb.net:27017, ac-qbr71gf-shard-00-01.vmeolxj.mongodb.net:27017], passives=[], arbiters=[], primary='ac-qbr71gf-shard-00-02.vmeolxj.mongodb.net:27017', tagSet=TagSet{[Tag{name='availabilityZone', value='3'}, Tag{name='cacheState', value='READY'}, Tag{name='diskState', value='READY'}, Tag{name='nodeType', value='ELECTABLE'}, Tag{name='provider', value='AZURE'}, Tag{name='region', value='US_EAST_2'}, Tag{name='workloadType', value='OPERATIONAL'}]}, electionId=7fffffff0000000000000088, setVersion=31, topologyVersion=TopologyVersion{processId=6a2a19329bdab7627647a4be, counter=6}, lastWriteDate=Fri Jun 12 14:03:40 GMT-05:00 2026, lastUpdateTimeNanos=174581516330600}
2026-06-12T14:03:39.880-05:00  INFO 20396 --- [ngodb.net:27017] org.mongodb.driver.cluster               : Discovered replica set primary ac-qbr71gf-shard-00-02.vmeolxj.mongodb.net:27017 with max election id 7fffffff0000000000000088 and max set version 31
2026-06-12T14:03:42.468-05:00  INFO 20396 --- [  restartedMain] o.s.boot.web.servlet.RegistrationBean    : Filter jwtFilterRegistration was not registered (disabled)
2026-06-12T14:03:42.515-05:00 DEBUG 20396 --- [  restartedMain] o.s.w.f.ServerHttpObservationFilter      : Filter 'webMvcObservationFilter' configured for use
2026-06-12T14:03:42.516-05:00 DEBUG 20396 --- [  restartedMain] o.s.w.s.r.ResourceUrlEncodingFilter      : Filter 'resourceUrlEncodingFilter' configured for use
2026-06-12T14:03:42.543-05:00  INFO 20396 --- [  restartedMain] o.s.b.d.a.OptionalLiveReloadServer       : LiveReload server is running on port 35729
2026-06-12T14:03:43.669-05:00  INFO 20396 --- [  restartedMain] eAuthenticationProviderManagerConfigurer : Global AuthenticationManager configured with AuthenticationProvider bean with name authenticationProvider
2026-06-12T14:03:43.685-05:00  WARN 20396 --- [  restartedMain] r$InitializeUserDetailsManagerConfigurer : Global AuthenticationManager configured with an AuthenticationProvider bean. UserDetailsService beans will not be used by Spring Security for automatically configuring username/password login. Consider removing the AuthenticationProvider bean. Alternatively, consider using the UserDetailsService in a manually instantiated DaoAuthenticationProvider. If the current configuration is intentional, to turn off this warning, increase the logging level of 'org.springframework.security.config.annotation.authentication.configuration.InitializeUserDetailsBeanManagerConfigurer' to ERROR
2026-06-12T14:03:44.042-05:00 DEBUG 20396 --- [  restartedMain] o.s.w.s.s.s.WebSocketHandlerMapping      : Patterns [/ws-chat/**] in 'stompWebSocketHandlerMapping'
2026-06-12T14:03:44.084-05:00  INFO 20396 --- [  restartedMain] o.s.b.a.w.s.WelcomePageHandlerMapping    : Adding welcome page: class path resource [static/index.html]
2026-06-12T14:03:44.296-05:00 DEBUG 20396 --- [  restartedMain] s.w.s.m.m.a.RequestMappingHandlerMapping : 163 mappings in 'requestMappingHandlerMapping'
2026-06-12T14:03:44.378-05:00 DEBUG 20396 --- [  restartedMain] o.s.w.s.handler.SimpleUrlHandlerMapping  : Patterns [/webjars/**, /**, /swagger-ui*/*swagger-initializer.js, /swagger-ui*/**] in 'resourceHandlerMapping'
2026-06-12T14:03:44.587-05:00  INFO 20396 --- [  restartedMain] o.s.b.a.e.web.EndpointLinksResolver      : Exposing 3 endpoints beneath base path '/actuator'
2026-06-12T14:03:44.702-05:00  WARN 20396 --- [  restartedMain] thorizationManagerRequestMatcherRegistry : One of the patterns in [GET, /productos] is missing a leading slash. This is discouraged; please include the leading slash in all your request matcher patterns. In future versions of Spring Security, leaving out the leading slash will result in an exception.
2026-06-12T14:03:44.708-05:00  WARN 20396 --- [  restartedMain] thorizationManagerRequestMatcherRegistry : One of the patterns in [GET, /productos/**] is missing a leading slash. This is discouraged; please include the leading slash in all your request matcher patterns. In future versions of Spring Security, leaving out the leading slash will result in an exception.
2026-06-12T14:03:44.722-05:00  WARN 20396 --- [  restartedMain] thorizationManagerRequestMatcherRegistry : One of the patterns in [GET, /colores-hilo] is missing a leading slash. This is discouraged; please include the leading slash in all your request matcher patterns. In future versions of Spring Security, leaving out the leading slash will result in an exception.
2026-06-12T14:03:44.726-05:00  WARN 20396 --- [  restartedMain] thorizationManagerRequestMatcherRegistry : One of the patterns in [GET, /colores-hilo/**] is missing a leading slash. This is discouraged; please include the leading slash in all your request matcher patterns. In future versions of Spring Security, leaving out the leading slash will result in an exception.
2026-06-12T14:03:44.730-05:00  WARN 20396 --- [  restartedMain] thorizationManagerRequestMatcherRegistry : One of the patterns in [GET, /resenas/**] is missing a leading slash. This is discouraged; please include the leading slash in all your request matcher patterns. In future versions of Spring Security, leaving out the leading slash will result in an exception.
2026-06-12T14:03:44.733-05:00  WARN 20396 --- [  restartedMain] thorizationManagerRequestMatcherRegistry : One of the patterns in [GET, /blog] is missing a leading slash. This is discouraged; please include the leading slash in all your request matcher patterns. In future versions of Spring Security, leaving out the leading slash will result in an exception.
2026-06-12T14:03:44.736-05:00  WARN 20396 --- [  restartedMain] thorizationManagerRequestMatcherRegistry : One of the patterns in [GET, /blog/**] is missing a leading slash. This is discouraged; please include the leading slash in all your request matcher patterns. In future versions of Spring Security, leaving out the leading slash will result in an exception.
2026-06-12T14:03:44.739-05:00  WARN 20396 --- [  restartedMain] thorizationManagerRequestMatcherRegistry : One of the patterns in [GET, /galeria] is missing a leading slash. This is discouraged; please include the leading slash in all your request matcher patterns. In future versions of Spring Security, leaving out the leading slash will result in an exception.
2026-06-12T14:03:44.742-05:00  WARN 20396 --- [  restartedMain] thorizationManagerRequestMatcherRegistry : One of the patterns in [GET, /galeria/**] is missing a leading slash. This is discouraged; please include the leading slash in all your request matcher patterns. In future versions of Spring Security, leaving out the leading slash will result in an exception.
2026-06-12T14:03:44.745-05:00  WARN 20396 --- [  restartedMain] thorizationManagerRequestMatcherRegistry : One of the patterns in [GET, /despachos/seguimiento/**] is missing a leading slash. This is discouraged; please include the leading slash in all your request matcher patterns. In future versions of Spring Security, leaving out the leading slash will result in an exception.
2026-06-12T14:03:44.758-05:00  WARN 20396 --- [  restartedMain] thorizationManagerRequestMatcherRegistry : One of the patterns in [GET, /mensajes/pedido/**] is missing a leading slash. This is discouraged; please include the leading slash in all your request matcher patterns. In future versions of Spring Security, leaving out the leading slash will result in an exception.
2026-06-12T14:03:44.765-05:00  WARN 20396 --- [  restartedMain] thorizationManagerRequestMatcherRegistry : One of the patterns in [POST, /mensajes/pedido/**] is missing a leading slash. This is discouraged; please include the leading slash in all your request matcher patterns. In future versions of Spring Security, leaving out the leading slash will result in an exception.
2026-06-12T14:03:44.769-05:00  WARN 20396 --- [  restartedMain] thorizationManagerRequestMatcherRegistry : One of the patterns in [POST, /pagos/webhook] is missing a leading slash. This is discouraged; please include the leading slash in all your request matcher patterns. In future versions of Spring Security, leaving out the leading slash will result in an exception.
2026-06-12T14:03:44.839-05:00 DEBUG 20396 --- [  restartedMain] o.s.s.web.DefaultSecurityFilterChain     : Will secure any request with filters: DisableEncodeUrlFilter, WebAsyncManagerIntegrationFilter, SecurityContextHolderFilter, HeaderWriterFilter, LogoutFilter, JwtAuthenticationFilter, RequestCacheAwareFilter, SecurityContextHolderAwareRequestFilter, AnonymousAuthenticationFilter, SessionManagementFilter, ExceptionTranslationFilter, AuthorizationFilter
2026-06-12T14:03:44.995-05:00 DEBUG 20396 --- [  restartedMain] .WebSocketAnnotationMethodMessageHandler : 
	c.s.c.c.ActividadProduccionController:
	
2026-06-12T14:03:44.997-05:00 DEBUG 20396 --- [  restartedMain] .WebSocketAnnotationMethodMessageHandler : 
	c.s.c.c.AnaliticaController:
	
2026-06-12T14:03:44.997-05:00 DEBUG 20396 --- [  restartedMain] .WebSocketAnnotationMethodMessageHandler : 
	c.s.c.c.AutenticacionController:
	
2026-06-12T14:03:44.998-05:00 DEBUG 20396 --- [  restartedMain] .WebSocketAnnotationMethodMessageHandler : 
	c.s.c.c.BlogController:
	
2026-06-12T14:03:45.003-05:00 DEBUG 20396 --- [  restartedMain] .WebSocketAnnotationMethodMessageHandler : 
	c.s.c.c.ChatController:
	{[MESSAGE],[/chat/{pedidoId}/typing]}: typing(String,Map)
	{[MESSAGE],[/chat/{pedidoId}]}: enviarMensaje(String,MensajeDTO)
2026-06-12T14:03:45.005-05:00 DEBUG 20396 --- [  restartedMain] .WebSocketAnnotationMethodMessageHandler : 
	c.s.c.c.ColorHiloController:
	
2026-06-12T14:03:45.005-05:00 DEBUG 20396 --- [  restartedMain] .WebSocketAnnotationMethodMessageHandler : 
	c.s.c.c.ConfiguracionController:
	
2026-06-12T14:03:45.006-05:00 DEBUG 20396 --- [  restartedMain] .WebSocketAnnotationMethodMessageHandler : 
	c.s.c.c.DashboardController:
	
2026-06-12T14:03:45.007-05:00 DEBUG 20396 --- [  restartedMain] .WebSocketAnnotationMethodMessageHandler : 
	c.s.c.c.DespachoController:
	
2026-06-12T14:03:45.008-05:00 DEBUG 20396 --- [  restartedMain] .WebSocketAnnotationMethodMessageHandler : 
	c.s.c.c.DevolucionController:
	
2026-06-12T14:03:45.008-05:00 DEBUG 20396 --- [  restartedMain] .WebSocketAnnotationMethodMessageHandler : 
	c.s.c.c.GaleriaController:
	
2026-06-12T14:03:45.009-05:00 DEBUG 20396 --- [  restartedMain] .WebSocketAnnotationMethodMessageHandler : 
	c.s.c.c.HealthCheckController:
	
2026-06-12T14:03:45.009-05:00 DEBUG 20396 --- [  restartedMain] .WebSocketAnnotationMethodMessageHandler : 
	c.s.c.c.MensajeController:
	
2026-06-12T14:03:45.010-05:00 DEBUG 20396 --- [  restartedMain] .WebSocketAnnotationMethodMessageHandler : 
	c.s.c.c.PagoController:
	
2026-06-12T14:03:45.010-05:00 DEBUG 20396 --- [  restartedMain] .WebSocketAnnotationMethodMessageHandler : 
	c.s.c.c.PedidoController:
	
2026-06-12T14:03:45.010-05:00 DEBUG 20396 --- [  restartedMain] .WebSocketAnnotationMethodMessageHandler : 
	c.s.c.c.PersonalizadorController:
	
2026-06-12T14:03:45.010-05:00 DEBUG 20396 --- [  restartedMain] .WebSocketAnnotationMethodMessageHandler : 
	c.s.c.c.ProductoController:
	
2026-06-12T14:03:45.010-05:00 DEBUG 20396 --- [  restartedMain] .WebSocketAnnotationMethodMessageHandler : 
	c.s.c.c.ReporteController:
	
2026-06-12T14:03:45.012-05:00 DEBUG 20396 --- [  restartedMain] .WebSocketAnnotationMethodMessageHandler : 
	c.s.c.c.ResenaController:
	
2026-06-12T14:03:45.013-05:00 DEBUG 20396 --- [  restartedMain] .WebSocketAnnotationMethodMessageHandler : 
	c.s.c.c.RetoController:
	
2026-06-12T14:03:45.013-05:00 DEBUG 20396 --- [  restartedMain] .WebSocketAnnotationMethodMessageHandler : 
	c.s.c.c.UploadController:
	
2026-06-12T14:03:45.013-05:00 DEBUG 20396 --- [  restartedMain] .WebSocketAnnotationMethodMessageHandler : 
	c.s.c.c.WishlistController:
	
2026-06-12T14:03:45.014-05:00 DEBUG 20396 --- [  restartedMain] .WebSocketAnnotationMethodMessageHandler : 
	c.s.c.w.WebController:
	
2026-06-12T14:03:45.015-05:00 DEBUG 20396 --- [  restartedMain] .WebSocketAnnotationMethodMessageHandler : 
	o.s.b.a.w.s.e.BasicErrorController:
	
2026-06-12T14:03:45.016-05:00 DEBUG 20396 --- [  restartedMain] .WebSocketAnnotationMethodMessageHandler : 
	o.s.w.a.OpenApiWebMvcResource:
	
2026-06-12T14:03:45.016-05:00 DEBUG 20396 --- [  restartedMain] .WebSocketAnnotationMethodMessageHandler : 
	o.s.w.u.SwaggerWelcomeWebMvc:
	
2026-06-12T14:03:45.016-05:00 DEBUG 20396 --- [  restartedMain] .WebSocketAnnotationMethodMessageHandler : 
	o.s.w.u.SwaggerConfigResource:
	
2026-06-12T14:03:45.108-05:00 DEBUG 20396 --- [  restartedMain] s.w.s.m.m.a.RequestMappingHandlerAdapter : ControllerAdvice beans: 0 @ModelAttribute, 0 @InitBinder, 1 RequestBodyAdvice, 1 ResponseBodyAdvice
2026-06-12T14:03:45.234-05:00 DEBUG 20396 --- [  restartedMain] .m.m.a.ExceptionHandlerExceptionResolver : ControllerAdvice beans: 2 @ExceptionHandler, 1 ResponseBodyAdvice
2026-06-12T14:03:45.705-05:00 DEBUG 20396 --- [  restartedMain] org.springframework.web.SimpLogging      : clientOutboundChannel added SubProtocolWebSocketHandler[StompSubProtocolHandler[v10.stomp, v11.stomp, v12.stomp]]
2026-06-12T14:03:45.721-05:00 DEBUG 20396 --- [  restartedMain] org.springframework.web.SimpLogging      : clientInboundChannel added WebSocketAnnotationMethodMessageHandler[prefixes=[/app/]]
2026-06-12T14:03:45.722-05:00  INFO 20396 --- [  restartedMain] o.s.m.s.b.SimpleBrokerMessageHandler     : Starting...
2026-06-12T14:03:45.723-05:00 DEBUG 20396 --- [  restartedMain] org.springframework.web.SimpLogging      : clientInboundChannel added SimpleBrokerMessageHandler [org.springframework.messaging.simp.broker.DefaultSubscriptionRegistry@5130f677]
2026-06-12T14:03:45.723-05:00 DEBUG 20396 --- [  restartedMain] org.springframework.web.SimpLogging      : brokerChannel added SimpleBrokerMessageHandler [org.springframework.messaging.simp.broker.DefaultSubscriptionRegistry@5130f677]
2026-06-12T14:03:45.724-05:00  INFO 20396 --- [  restartedMain] o.s.m.s.b.SimpleBrokerMessageHandler     : BrokerAvailabilityEvent[available=true, SimpleBrokerMessageHandler [org.springframework.messaging.simp.broker.DefaultSubscriptionRegistry@5130f677]]
2026-06-12T14:03:45.725-05:00  INFO 20396 --- [  restartedMain] o.s.m.s.b.SimpleBrokerMessageHandler     : Started.
2026-06-12T14:03:45.726-05:00 DEBUG 20396 --- [  restartedMain] org.springframework.web.SimpLogging      : clientInboundChannel added UserDestinationMessageHandler[DefaultUserDestinationResolver[prefix=/user/]]
2026-06-12T14:03:45.726-05:00 DEBUG 20396 --- [  restartedMain] org.springframework.web.SimpLogging      : brokerChannel added UserDestinationMessageHandler[DefaultUserDestinationResolver[prefix=/user/]]
2026-06-12T14:03:45.744-05:00  INFO 20396 --- [  restartedMain] o.s.b.w.embedded.tomcat.TomcatWebServer  : Tomcat started on port 8080 (http) with context path '/api'
2026-06-12T14:03:45.764-05:00  INFO 20396 --- [  restartedMain] c.s.c.SarichiCrochetingApplication       : Started SarichiCrochetingApplication in 12.448 seconds (process running for 13.451)
2026-06-12T14:04:45.671-05:00  INFO 20396 --- [MessageBroker-1] o.s.w.s.c.WebSocketMessageBrokerStats    : WebSocketSession[0 current WS(0)-HttpStream(0)-HttpPoll(0), 0 total, 0 closed abnormally (0 connect failure, 0 send limit, 0 transport error)], stompSubProtocol[processed CONNECT(0)-CONNECTED(0)-DISCONNECT(0)], stompBrokerRelay[null], inboundChannel[pool size = 0, active threads = 0, queued tasks = 0, completed tasks = 0], outboundChannel[pool size = 0, active threads = 0, queued tasks = 0, completed tasks = 0], sockJsScheduler[pool size = 1, active threads = 1, queued tasks = 0, completed tasks = 0]
2026-06-12T14:26:38.917-05:00  INFO 20396 --- [nio-8080-exec-1] o.a.c.c.C.[Tomcat].[localhost].[/api]    : Initializing Spring DispatcherServlet 'dispatcherServlet'
2026-06-12T14:26:38.918-05:00  INFO 20396 --- [nio-8080-exec-1] o.s.web.servlet.DispatcherServlet        : Initializing Servlet 'dispatcherServlet'
2026-06-12T14:26:38.918-05:00 DEBUG 20396 --- [nio-8080-exec-1] o.s.web.servlet.DispatcherServlet        : Detected StandardServletMultipartResolver
2026-06-12T14:26:38.918-05:00 DEBUG 20396 --- [nio-8080-exec-1] o.s.web.servlet.DispatcherServlet        : Detected AcceptHeaderLocaleResolver
2026-06-12T14:26:38.918-05:00 DEBUG 20396 --- [nio-8080-exec-1] o.s.web.servlet.DispatcherServlet        : Detected FixedThemeResolver
2026-06-12T14:26:38.921-05:00 DEBUG 20396 --- [nio-8080-exec-1] o.s.web.servlet.DispatcherServlet        : Detected org.springframework.web.servlet.view.DefaultRequestToViewNameTranslator@34d010fd
2026-06-12T14:26:38.922-05:00 DEBUG 20396 --- [nio-8080-exec-1] o.s.web.servlet.DispatcherServlet        : Detected org.springframework.web.servlet.support.SessionFlashMapManager@2a0ce3c5
2026-06-12T14:26:38.923-05:00 DEBUG 20396 --- [nio-8080-exec-1] o.s.web.servlet.DispatcherServlet        : enableLoggingRequestDetails='false': request parameters and headers will be masked to prevent unsafe logging of potentially sensitive data
2026-06-12T14:26:38.924-05:00  INFO 20396 --- [nio-8080-exec-1] o.s.web.servlet.DispatcherServlet        : Completed initialization in 6 ms
2026-06-12T14:26:38.956-05:00 DEBUG 20396 --- [nio-8080-exec-1] o.s.security.web.FilterChainProxy        : Securing GET /web/login
2026-06-12T14:26:38.968-05:00 DEBUG 20396 --- [nio-8080-exec-1] o.s.s.w.a.AnonymousAuthenticationFilter  : Set SecurityContextHolder to anonymous SecurityContext
2026-06-12T14:26:38.969-05:00 DEBUG 20396 --- [nio-8080-exec-1] o.s.s.w.session.SessionManagementFilter  : Request requested invalid session id 69F2A6D559F7ABD7F953AB16C8C44D07
2026-06-12T14:26:38.975-05:00 DEBUG 20396 --- [nio-8080-exec-1] o.s.security.web.FilterChainProxy        : Secured GET /web/login
2026-06-12T14:26:38.978-05:00 DEBUG 20396 --- [nio-8080-exec-1] o.s.web.servlet.DispatcherServlet        : GET "/api/web/login", parameters={}
2026-06-12T14:26:38.981-05:00 DEBUG 20396 --- [nio-8080-exec-1] s.w.s.m.m.a.RequestMappingHandlerMapping : Mapped to com.sarichi.crocheting.web.WebController#loginForm(HttpSession)
2026-06-12T14:26:39.016-05:00 DEBUG 20396 --- [nio-8080-exec-1] o.s.w.s.v.ContentNegotiatingViewResolver : Selected 'text/html' given [text/html, application/xhtml+xml, image/avif, image/webp, image/apng, application/xml;q=0.9, */*;q=0.8, application/signed-exchange;v=b3;q=0.7]
2026-06-12T14:26:39.308-05:00 DEBUG 20396 --- [nio-8080-exec-1] o.s.web.servlet.DispatcherServlet        : Completed 200 OK
2026-06-12T14:34:45.688-05:00  INFO 20396 --- [MessageBroker-1] o.s.w.s.c.WebSocketMessageBrokerStats    : WebSocketSession[0 current WS(0)-HttpStream(0)-HttpPoll(0), 0 total, 0 closed abnormally (0 connect failure, 0 send limit, 0 transport error)], stompSubProtocol[processed CONNECT(0)-CONNECTED(0)-DISCONNECT(0)], stompBrokerRelay[null], inboundChannel[pool size = 0, active threads = 0, queued tasks = 0, completed tasks = 0], outboundChannel[pool size = 0, active threads = 0, queued tasks = 0, completed tasks = 0], sockJsScheduler[pool size = 2, active threads = 1, queued tasks = 0, completed tasks = 1]
2026-06-12T15:04:45.708-05:00  INFO 20396 --- [MessageBroker-2] o.s.w.s.c.WebSocketMessageBrokerStats    : WebSocketSession[0 current WS(0)-HttpStream(0)-HttpPoll(0), 0 total, 0 closed abnormally (0 connect failure, 0 send limit, 0 transport error)], stompSubProtocol[processed CONNECT(0)-CONNECTED(0)-DISCONNECT(0)], stompBrokerRelay[null], inboundChannel[pool size = 0, active threads = 0, queued tasks = 0, completed tasks = 0], outboundChannel[pool size = 0, active threads = 0, queued tasks = 0, completed tasks = 0], sockJsScheduler[pool size = 3, active threads = 1, queued tasks = 0, completed tasks = 2]
2026-06-12T15:06:16.690-05:00 DEBUG 20396 --- [nio-8080-exec-6] o.s.security.web.FilterChainProxy        : Securing GET /web/login
2026-06-12T15:06:16.705-05:00 DEBUG 20396 --- [nio-8080-exec-6] o.s.s.w.a.AnonymousAuthenticationFilter  : Set SecurityContextHolder to anonymous SecurityContext
2026-06-12T15:06:16.707-05:00 DEBUG 20396 --- [nio-8080-exec-6] o.s.s.w.session.SessionManagementFilter  : Request requested invalid session id B5C4761E677D5EE194801BB8C942CC85
2026-06-12T15:06:16.708-05:00 DEBUG 20396 --- [nio-8080-exec-6] o.s.security.web.FilterChainProxy        : Secured GET /web/login
2026-06-12T15:06:16.710-05:00 DEBUG 20396 --- [nio-8080-exec-6] o.s.web.servlet.DispatcherServlet        : GET "/api/web/login", parameters={}
2026-06-12T15:06:16.713-05:00 DEBUG 20396 --- [nio-8080-exec-6] s.w.s.m.m.a.RequestMappingHandlerMapping : Mapped to com.sarichi.crocheting.web.WebController#loginForm(HttpSession)
2026-06-12T15:06:16.723-05:00 DEBUG 20396 --- [nio-8080-exec-6] o.s.w.s.v.ContentNegotiatingViewResolver : Selected 'text/html' given [text/html, application/xhtml+xml, image/avif, image/webp, image/apng, application/xml;q=0.9, */*;q=0.8, application/signed-exchange;v=b3;q=0.7]
2026-06-12T15:06:16.808-05:00 DEBUG 20396 --- [nio-8080-exec-6] o.s.web.servlet.DispatcherServlet        : Completed 200 OK
2026-06-12T15:06:25.713-05:00 DEBUG 20396 --- [nio-8080-exec-7] o.s.security.web.FilterChainProxy        : Securing POST /web/login
2026-06-12T15:06:25.714-05:00 DEBUG 20396 --- [nio-8080-exec-7] o.s.s.w.a.AnonymousAuthenticationFilter  : Set SecurityContextHolder to anonymous SecurityContext
2026-06-12T15:06:25.716-05:00 DEBUG 20396 --- [nio-8080-exec-7] o.s.security.web.FilterChainProxy        : Secured POST /web/login
2026-06-12T15:06:25.716-05:00 DEBUG 20396 --- [nio-8080-exec-7] o.s.web.servlet.DispatcherServlet        : POST "/api/web/login", parameters={masked}
2026-06-12T15:06:25.718-05:00 DEBUG 20396 --- [nio-8080-exec-7] s.w.s.m.m.a.RequestMappingHandlerMapping : Mapped to com.sarichi.crocheting.web.WebController#procesarLogin(String, String, HttpSession, Model)
2026-06-12T15:06:26.292-05:00 DEBUG 20396 --- [nio-8080-exec-7] o.s.web.servlet.view.RedirectView        : View name [redirect:], model {}
2026-06-12T15:06:26.294-05:00 DEBUG 20396 --- [nio-8080-exec-7] o.s.web.servlet.DispatcherServlet        : Completed 302 FOUND
2026-06-12T15:06:26.301-05:00 DEBUG 20396 --- [nio-8080-exec-4] o.s.security.web.FilterChainProxy        : Securing GET /web/dashboard/artesana
2026-06-12T15:06:26.303-05:00 DEBUG 20396 --- [nio-8080-exec-4] o.s.s.w.a.AnonymousAuthenticationFilter  : Set SecurityContextHolder to anonymous SecurityContext
2026-06-12T15:06:26.303-05:00 DEBUG 20396 --- [nio-8080-exec-4] o.s.security.web.FilterChainProxy        : Secured GET /web/dashboard/artesana
2026-06-12T15:06:26.304-05:00 DEBUG 20396 --- [nio-8080-exec-4] o.s.web.servlet.DispatcherServlet        : GET "/api/web/dashboard/artesana", parameters={}
2026-06-12T15:06:26.305-05:00 DEBUG 20396 --- [nio-8080-exec-4] s.w.s.m.m.a.RequestMappingHandlerMapping : Mapped to com.sarichi.crocheting.web.WebController#dashboardArtesana(Model, HttpSession)
2026-06-12T15:06:26.569-05:00 DEBUG 20396 --- [nio-8080-exec-4] o.s.w.s.v.ContentNegotiatingViewResolver : Selected 'text/html' given [text/html, application/xhtml+xml, image/avif, image/webp, image/apng, application/xml;q=0.9, */*;q=0.8, application/signed-exchange;v=b3;q=0.7]
2026-06-12T15:06:26.638-05:00 DEBUG 20396 --- [nio-8080-exec-4] o.s.web.servlet.DispatcherServlet        : Completed 200 OK
2026-06-12T15:34:45.726-05:00  INFO 20396 --- [MessageBroker-1] o.s.w.s.c.WebSocketMessageBrokerStats    : WebSocketSession[0 current WS(0)-HttpStream(0)-HttpPoll(0), 0 total, 0 closed abnormally (0 connect failure, 0 send limit, 0 transport error)], stompSubProtocol[processed CONNECT(0)-CONNECTED(0)-DISCONNECT(0)], stompBrokerRelay[null], inboundChannel[pool size = 0, active threads = 0, queued tasks = 0, completed tasks = 0], outboundChannel[pool size = 0, active threads = 0, queued tasks = 0, completed tasks = 0], sockJsScheduler[pool size = 4, active threads = 1, queued tasks = 0, completed tasks = 3]
2026-06-12T16:04:45.746-05:00  INFO 20396 --- [MessageBroker-3] o.s.w.s.c.WebSocketMessageBrokerStats    : WebSocketSession[0 current WS(0)-HttpStream(0)-HttpPoll(0), 0 total, 0 closed abnormally (0 connect failure, 0 send limit, 0 transport error)], stompSubProtocol[processed CONNECT(0)-CONNECTED(0)-DISCONNECT(0)], stompBrokerRelay[null], inboundChannel[pool size = 0, active threads = 0, queued tasks = 0, completed tasks = 0], outboundChannel[pool size = 0, active threads = 0, queued tasks = 0, completed tasks = 0], sockJsScheduler[pool size = 5, active threads = 1, queued tasks = 0, completed tasks = 4]
